/Users/ankush/workspace/aurapulse/backend/venv/lib/python3.9/site-packages/urllib3/__init__.py:35: NotOpenSSLWarning: urllib3 v2 only supports OpenSSL 1.1.1+, currently the 'ssl' module is compiled with 'LibreSSL 2.8.3'. See: https://github.com/urllib3/urllib3/issues/3020
  warnings.warn(
 
 -------------- celery@22:cf:65:c5:b3:c2 v5.3.6 (emerald-rush)
--- ***** ----- 
-- ******* ---- macOS-26.2-arm64-arm-64bit 2026-03-20 11:05:28
- *** --- * --- 
- ** ---------- [config]
- ** ---------- .> app:         aurapulse:0x106830280
- ** ---------- .> transport:   redis://localhost:6379/0
- ** ---------- .> results:     redis://localhost:6379/0
- *** --- * --- .> concurrency: 28 (solo)
-- ******* ---- .> task events: OFF (enable -E to monitor tasks in this worker)
--- ***** ----- 
 -------------- [queues]
                .> celery           exchange=celery(direct) key=celery
                

[tasks]
  . engine.celery_app.run_dual_swarm

[2026-03-20 11:05:28,119: WARNING/MainProcess] /Users/ankush/workspace/aurapulse/backend/venv/lib/python3.9/site-packages/celery/worker/consumer/consumer.py:507: CPendingDeprecationWarning: The broker_connection_retry configuration setting will no longer determine
whether broker connection retries are made during startup in Celery 6.0 and above.
If you wish to retain the existing behavior for retrying connections on startup,
you should set broker_connection_retry_on_startup to True.
  warnings.warn(

[2026-03-20 11:05:28,128: INFO/MainProcess] Connected to redis://localhost:6379/0
[2026-03-20 11:05:28,128: WARNING/MainProcess] /Users/ankush/workspace/aurapulse/backend/venv/lib/python3.9/site-packages/celery/worker/consumer/consumer.py:507: CPendingDeprecationWarning: The broker_connection_retry configuration setting will no longer determine
whether broker connection retries are made during startup in Celery 6.0 and above.
If you wish to retain the existing behavior for retrying connections on startup,
you should set broker_connection_retry_on_startup to True.
  warnings.warn(

[2026-03-20 11:05:28,133: INFO/MainProcess] mingle: searching for neighbors
[2026-03-20 11:05:29,150: INFO/MainProcess] mingle: sync with 1 nodes
[2026-03-20 11:05:29,150: INFO/MainProcess] mingle: sync complete
[2026-03-20 11:05:29,191: INFO/MainProcess] celery@22:cf:65:c5:b3:c2 ready.
[2026-03-20 11:05:29,706: WARNING/MainProcess] Substantial drift from celery@bd1e0c8b96f4 may mean clocks are out of sync.  Current drift is 3600 seconds.  [orig: 2026-03-20 11:05:29.706273 recv: 2026-03-20 10:05:29.702984]
[2026-03-20 11:05:39,162: INFO/MainProcess] missed heartbeat from celery@bd1e0c8b96f4

worker: Warm shutdown (MainProcess)

SIGHUP not supported: Restarting with SIGHUP is unstable on this platform!
